<?xml version="1.0" encoding="UTF-8"?>
<!-- Generated by org.testng.reporters.JUnitReportReporter -->
<testsuite skipped="0" hostname="DESKTOP-4P1HOQH" name="TestNG.DataProvider1" tests="3" failures="0" timestamp="17 Aug 2020 12:51:13 GMT" time="0.155" errors="0">
  <testcase name="Logintest" time="0.019" classname="TestNG.DataProvider1"/>
  <testcase name="Logintest" time="0.112" classname="TestNG.DataProvider1"/>
  <testcase name="Logintest" time="0.024" classname="TestNG.DataProvider1"/>
</testsuite> <!-- TestNG.DataProvider1 -->
