<?xml version="1.0" encoding="UTF-8"?>
<!-- Generated by org.testng.reporters.JUnitReportReporter -->
<testsuite skipped="0" hostname="DESKTOP-4P1HOQH" name="TestNG.Annotations" tests="3" failures="0" timestamp="17 Aug 2020 13:14:43 GMT" time="0.144" errors="0">
  <testcase name="composeMail" time="0.016" classname="TestNG.Annotations"/>
  <testcase name="gmailApplicationLaunch" time="0.112" classname="TestNG.Annotations"/>
  <testcase name="inBox" time="0.016" classname="TestNG.Annotations"/>
</testsuite> <!-- TestNG.Annotations -->
