<?xml version="1.0" encoding="UTF-8"?>
<!-- Generated by org.testng.reporters.JUnitReportReporter -->
<testsuite skipped="0" hostname="DESKTOP-4P1HOQH" name="TestNG.Testng_fb" tests="2" failures="0" timestamp="17 Aug 2020 12:35:40 GMT" time="51.954" errors="0">
  <testcase name="Logintest" time="21.850" classname="TestNG.Testng_fb"/>
  <testcase name="Logintest" time="30.104" classname="TestNG.Testng_fb"/>
</testsuite> <!-- TestNG.Testng_fb -->
