<?xml version="1.0" encoding="UTF-8"?>
<!-- Generated by org.testng.reporters.JUnitReportReporter -->
<testsuite skipped="0" hostname="DESKTOP-4P1HOQH" name="TestNG.Annotation1" tests="2" failures="0" timestamp="17 Aug 2020 13:13:07 GMT" time="0.088" errors="0">
  <testcase name="composeMail" time="0.016" classname="TestNG.Annotation1"/>
  <testcase name="inBox" time="0.072" classname="TestNG.Annotation1"/>
</testsuite> <!-- TestNG.Annotation1 -->
