<?xml version="1.0" encoding="UTF-8"?>
<!-- Generated by org.testng.reporters.JUnitReportReporter -->
<testsuite skipped="0" hostname="DESKTOP-4P1HOQH" name="TestNG.DataProvider2" tests="2" failures="0" timestamp="17 Aug 2020 12:50:43 GMT" time="0.148" errors="0">
  <testcase name="Testdata" time="0.028" classname="TestNG.DataProvider2"/>
  <testcase name="Testdata" time="0.120" classname="TestNG.DataProvider2"/>
</testsuite> <!-- TestNG.DataProvider2 -->
