<?xml version="1.0" encoding="UTF-8"?>
<!-- Generated by org.testng.reporters.JUnitReportReporter -->
<testsuite skipped="0" hostname="DESKTOP-4P1HOQH" name="TestNG.InvocationCount" tests="3" failures="0" timestamp="17 Aug 2020 12:38:11 GMT" time="0.172" errors="0">
  <testcase name="sum" time="0.028" classname="TestNG.InvocationCount"/>
  <testcase name="sum" time="0.120" classname="TestNG.InvocationCount"/>
  <testcase name="sum" time="0.024" classname="TestNG.InvocationCount"/>
</testsuite> <!-- TestNG.InvocationCount -->
