<?xml version="1.0" encoding="UTF-8"?>
<!-- Generated by org.testng.reporters.JUnitReportReporter -->
<testsuite skipped="0" hostname="DESKTOP-4P1HOQH" name="TestNG.TestNg_Features" tests="4" failures="0" timestamp="17 Aug 2020 07:58:49 GMT" time="0.201" errors="0">
  <testcase name="test3" time="0.015" classname="TestNG.TestNg_Features"/>
  <testcase name="test2" time="0.015" classname="TestNG.TestNg_Features"/>
  <testcase name="test4" time="0.015" classname="TestNG.TestNg_Features"/>
  <testcase name="test1" time="0.156" classname="TestNG.TestNg_Features"/>
</testsuite> <!-- TestNG.TestNg_Features -->
